<?xml version="1.0" encoding="UTF-8"?>
<!-- Generated by org.testng.reporters.JUnitXMLReporter -->
<testsuite hostname="LAPTOP-8OD1K6F1" name="DataDriven" tests="2" failures="0" timestamp="8 Apr 2018 12:42:14 GMT" time="23.228" errors="0">
  <testcase name="Register" time="0.872" classname="com.DataDriven.NewTours_NewUserRegistration_MultipleTestData"/>
  <testcase name="UserRegisitration" time="15.312" classname="com.DataDriven.NewTours_NewUserRegistration_MultipleTestData"/>
</testsuite> <!-- DataDriven -->
