<?xml version="1.0" encoding="UTF-8"?>
<testng-results skipped="0" failed="0" ignored="0" total="1" passed="1">
  <reporter-output>
    <line>
      <![CDATA[Find a Flight: Mercury Tours:]]>
    </line>
  </reporter-output>
  <suite name="Default suite" duration-ms="42915" started-at="2018-04-23T09:49:44Z" finished-at="2018-04-23T09:50:27Z">
    <groups>
    </groups>
    <test name="Default test" duration-ms="42915" started-at="2018-04-23T09:49:44Z" finished-at="2018-04-23T09:50:27Z">
      <class name="com.NewToursLogInTest.MyMavenProject.NewToursLogIn">
        <test-method status="PASS" signature="setUp()[pri:0, instance:com.NewToursLogInTest.MyMavenProject.NewToursLogIn@3ffc5af1]" name="setUp" is-config="true" duration-ms="12375" started-at="2018-04-23T19:49:44Z" finished-at="2018-04-23T19:49:56Z">
          <reporter-output>
          </reporter-output>
        </test-method> <!-- setUp -->
        <test-method status="PASS" signature="LogIN()[pri:0, instance:com.NewToursLogInTest.MyMavenProject.NewToursLogIn@3ffc5af1]" name="LogIN" duration-ms="30468" started-at="2018-04-23T19:49:56Z" finished-at="2018-04-23T19:50:27Z">
          <reporter-output>
            <line>
              <![CDATA[Find a Flight: Mercury Tours:]]>
            </line>
          </reporter-output>
        </test-method> <!-- LogIN -->
        <test-method status="PASS" signature="tearDown()[pri:0, instance:com.NewToursLogInTest.MyMavenProject.NewToursLogIn@3ffc5af1]" name="tearDown" is-config="true" duration-ms="39" started-at="2018-04-23T19:50:27Z" finished-at="2018-04-23T19:50:27Z">
          <reporter-output>
          </reporter-output>
        </test-method> <!-- tearDown -->
      </class> <!-- com.NewToursLogInTest.MyMavenProject.NewToursLogIn -->
    </test> <!-- Default test -->
  </suite> <!-- Default suite -->
</testng-results>
