<?xml version="1.0" encoding="UTF-8"?>
<!-- Generated by org.testng.reporters.JUnitXMLReporter -->
<testsuite hostname="LAPTOP-8OD1K6F1" name="Default test" tests="2" failures="0" timestamp="23 Mar 2018 08:40:21 GMT" time="26.051" errors="0">
  <testcase name="Register" time="1.677" classname="com.DataDriven.NewTours_NewUserRegistration_MultipleTestData"/>
  <testcase name="UserRegisitration" time="15.624" classname="com.DataDriven.NewTours_NewUserRegistration_MultipleTestData"/>
</testsuite> <!-- Default test -->
