<?xml version="1.0" encoding="UTF-8"?>
<testng-results skipped="0" failed="0" total="2" passed="2">
  <reporter-output>
  </reporter-output>
  <suite name="BrowserAutomation Testing" duration-ms="9012" started-at="2018-04-08T13:24:17Z" finished-at="2018-04-08T13:24:26Z">
    <groups>
    </groups>
    <test name="on chrome" duration-ms="6693" started-at="2018-04-08T13:24:17Z" finished-at="2018-04-08T13:24:24Z">
      <class name="com.BrowserAutomation.ChromeBrowserAutomation">
        <test-method status="PASS" signature="setUp()[pri:0, instance:com.BrowserAutomation.ChromeBrowserAutomation@55f3ddb1]" name="setUp" is-config="true" duration-ms="6381" started-at="2018-04-08T23:24:17Z" finished-at="2018-04-08T23:24:24Z">
          <reporter-output>
          </reporter-output>
        </test-method> <!-- setUp -->
        <test-method status="PASS" signature="TitleVerification()[pri:0, instance:com.BrowserAutomation.ChromeBrowserAutomation@55f3ddb1]" name="TitleVerification" duration-ms="31" started-at="2018-04-08T23:24:24Z" finished-at="2018-04-08T23:24:24Z">
          <reporter-output>
          </reporter-output>
        </test-method> <!-- TitleVerification -->
        <test-method status="PASS" signature="TearDown()[pri:0, instance:com.BrowserAutomation.ChromeBrowserAutomation@55f3ddb1]" name="TearDown" is-config="true" duration-ms="249" started-at="2018-04-08T23:24:24Z" finished-at="2018-04-08T23:24:24Z">
          <reporter-output>
          </reporter-output>
        </test-method> <!-- TearDown -->
      </class> <!-- com.BrowserAutomation.ChromeBrowserAutomation -->
    </test> <!-- on chrome -->
    <test name="on firefox" duration-ms="9012" started-at="2018-04-08T13:24:17Z" finished-at="2018-04-08T13:24:26Z">
      <class name="com.BrowserAutomation.FirefoxBrowserAutomation">
        <test-method status="PASS" signature="setUp()[pri:0, instance:com.BrowserAutomation.FirefoxBrowserAutomation@58651fd0]" name="setUp" is-config="true" duration-ms="8906" started-at="2018-04-08T23:24:17Z" finished-at="2018-04-08T23:24:26Z">
          <reporter-output>
          </reporter-output>
        </test-method> <!-- setUp -->
        <test-method status="PASS" signature="TitleVerification()[pri:0, instance:com.BrowserAutomation.FirefoxBrowserAutomation@58651fd0]" name="TitleVerification" duration-ms="52" started-at="2018-04-08T23:24:26Z" finished-at="2018-04-08T23:24:26Z">
          <reporter-output>
          </reporter-output>
        </test-method> <!-- TitleVerification -->
        <test-method status="PASS" signature="TearDown()[pri:0, instance:com.BrowserAutomation.FirefoxBrowserAutomation@58651fd0]" name="TearDown" is-config="true" duration-ms="36" started-at="2018-04-08T23:24:26Z" finished-at="2018-04-08T23:24:26Z">
          <reporter-output>
          </reporter-output>
        </test-method> <!-- TearDown -->
      </class> <!-- com.BrowserAutomation.FirefoxBrowserAutomation -->
    </test> <!-- on firefox -->
  </suite> <!-- BrowserAutomation Testing -->
</testng-results>
