<?xml version="1.0" encoding="UTF-8"?>
<testng-results skipped="0" failed="0" total="1" passed="1">
  <reporter-output>
  </reporter-output>
  <suite name="Default suite" duration-ms="11110" started-at="2018-03-30T08:18:13Z" finished-at="2018-03-30T08:18:24Z">
    <groups>
    </groups>
    <test name="Default test" duration-ms="11110" started-at="2018-03-30T08:18:13Z" finished-at="2018-03-30T08:18:24Z">
      <class name="com.POM.NewToursHomePgeTesting">
        <test-method status="PASS" signature="HomePgeTesting()[pri:0, instance:com.POM.NewToursHomePgeTesting@4439f31e]" name="HomePgeTesting" duration-ms="11087" started-at="2018-03-30T19:18:13Z" finished-at="2018-03-30T19:18:24Z">
          <reporter-output>
          </reporter-output>
        </test-method> <!-- HomePgeTesting -->
      </class> <!-- com.POM.NewToursHomePgeTesting -->
    </test> <!-- Default test -->
  </suite> <!-- Default suite -->
</testng-results>
